{"C:\\Users\\Thier\\OneDrive\\Área de Trabalho\\medcloud\\server\\src\\entities\\Patient.ts": {"path":"C:\\Users\\Thier\\OneDrive\\Área de Trabalho\\medcloud\\server\\src\\entities\\Patient.ts","all":false,"statementMap":{"0":{"start":{"line":1,"column":0},"end":{"line":1,"column":30}},"1":{"start":{"line":2,"column":0},"end":{"line":2,"column":0}},"2":{"start":{"line":3,"column":0},"end":{"line":3,"column":22}},"3":{"start":{"line":4,"column":0},"end":{"line":4,"column":30}},"4":{"start":{"line":5,"column":0},"end":{"line":5,"column":0}},"5":{"start":{"line":6,"column":0},"end":{"line":6,"column":23}},"6":{"start":{"line":7,"column":0},"end":{"line":7,"column":26}},"7":{"start":{"line":8,"column":0},"end":{"line":8,"column":24}},"8":{"start":{"line":9,"column":0},"end":{"line":9,"column":26}},"9":{"start":{"line":10,"column":0},"end":{"line":10,"column":2}},"10":{"start":{"line":11,"column":0},"end":{"line":11,"column":70}},"11":{"start":{"line":12,"column":0},"end":{"line":12,"column":31}},"12":{"start":{"line":13,"column":0},"end":{"line":13,"column":0}},"13":{"start":{"line":14,"column":0},"end":{"line":14,"column":14}},"14":{"start":{"line":15,"column":0},"end":{"line":15,"column":23}},"15":{"start":{"line":16,"column":0},"end":{"line":16,"column":5}},"16":{"start":{"line":17,"column":0},"end":{"line":17,"column":0}},"17":{"start":{"line":18,"column":0},"end":{"line":18,"column":47}},"18":{"start":{"line":19,"column":0},"end":{"line":19,"column":37}},"19":{"start":{"line":20,"column":0},"end":{"line":20,"column":5}},"20":{"start":{"line":21,"column":0},"end":{"line":21,"column":3}},"21":{"start":{"line":22,"column":0},"end":{"line":22,"column":1}}},"s":{"0":1,"1":1,"2":1,"3":1,"4":1,"5":1,"6":1,"7":1,"8":1,"9":1,"10":1,"11":12,"12":12,"13":12,"14":12,"15":12,"16":12,"17":12,"18":1,"19":1,"20":12,"21":18},"branchMap":{"0":{"type":"branch","line":11,"loc":{"start":{"line":11,"column":2},"end":{"line":21,"column":3}},"locations":[{"start":{"line":11,"column":2},"end":{"line":21,"column":3}}]},"1":{"type":"branch","line":18,"loc":{"start":{"line":18,"column":46},"end":{"line":20,"column":5}},"locations":[{"start":{"line":18,"column":46},"end":{"line":20,"column":5}}]},"2":{"type":"branch","line":22,"loc":{"start":{"line":22,"column":0},"end":{"line":22,"column":1}},"locations":[{"start":{"line":22,"column":0},"end":{"line":22,"column":1}}]}},"b":{"0":[12],"1":[1],"2":[18]},"fnMap":{"0":{"name":"Patient","decl":{"start":{"line":11,"column":2},"end":{"line":21,"column":3}},"loc":{"start":{"line":11,"column":2},"end":{"line":21,"column":3}},"line":11},"1":{"name":"get","decl":{"start":{"line":22,"column":0},"end":{"line":22,"column":1}},"loc":{"start":{"line":22,"column":0},"end":{"line":22,"column":1}},"line":22}},"f":{"0":12,"1":18}}
,"C:\\Users\\Thier\\OneDrive\\Área de Trabalho\\medcloud\\server\\src\\repositories\\in-memory\\in-memory-patients-repository.ts": {"path":"C:\\Users\\Thier\\OneDrive\\Área de Trabalho\\medcloud\\server\\src\\repositories\\in-memory\\in-memory-patients-repository.ts","all":false,"statementMap":{"0":{"start":{"line":1,"column":0},"end":{"line":1,"column":49}},"1":{"start":{"line":2,"column":0},"end":{"line":2,"column":89}},"2":{"start":{"line":3,"column":0},"end":{"line":3,"column":89}},"3":{"start":{"line":4,"column":0},"end":{"line":4,"column":39}},"4":{"start":{"line":5,"column":0},"end":{"line":5,"column":0}},"5":{"start":{"line":6,"column":0},"end":{"line":6,"column":61}},"6":{"start":{"line":7,"column":0},"end":{"line":7,"column":31}},"7":{"start":{"line":8,"column":0},"end":{"line":8,"column":0}},"8":{"start":{"line":9,"column":0},"end":{"line":9,"column":67}},"9":{"start":{"line":10,"column":0},"end":{"line":10,"column":44}},"10":{"start":{"line":11,"column":0},"end":{"line":11,"column":32}},"11":{"start":{"line":12,"column":0},"end":{"line":12,"column":22}},"12":{"start":{"line":13,"column":0},"end":{"line":13,"column":3}},"13":{"start":{"line":14,"column":0},"end":{"line":14,"column":0}},"14":{"start":{"line":15,"column":0},"end":{"line":15,"column":61}},"15":{"start":{"line":16,"column":0},"end":{"line":16,"column":58}},"16":{"start":{"line":17,"column":0},"end":{"line":17,"column":36}},"17":{"start":{"line":18,"column":0},"end":{"line":18,"column":7}},"18":{"start":{"line":19,"column":0},"end":{"line":19,"column":0}},"19":{"start":{"line":20,"column":0},"end":{"line":20,"column":27}},"20":{"start":{"line":21,"column":0},"end":{"line":21,"column":18}},"21":{"start":{"line":22,"column":0},"end":{"line":22,"column":12}},"22":{"start":{"line":23,"column":0},"end":{"line":23,"column":29}},"23":{"start":{"line":24,"column":0},"end":{"line":24,"column":5}},"24":{"start":{"line":25,"column":0},"end":{"line":25,"column":3}},"25":{"start":{"line":26,"column":0},"end":{"line":26,"column":0}},"26":{"start":{"line":27,"column":0},"end":{"line":27,"column":55}},"27":{"start":{"line":28,"column":0},"end":{"line":28,"column":58}},"28":{"start":{"line":29,"column":0},"end":{"line":29,"column":31}},"29":{"start":{"line":30,"column":0},"end":{"line":30,"column":7}},"30":{"start":{"line":31,"column":0},"end":{"line":31,"column":0}},"31":{"start":{"line":32,"column":0},"end":{"line":32,"column":27}},"32":{"start":{"line":33,"column":0},"end":{"line":33,"column":18}},"33":{"start":{"line":34,"column":0},"end":{"line":34,"column":12}},"34":{"start":{"line":35,"column":0},"end":{"line":35,"column":29}},"35":{"start":{"line":36,"column":0},"end":{"line":36,"column":5}},"36":{"start":{"line":37,"column":0},"end":{"line":37,"column":3}},"37":{"start":{"line":38,"column":0},"end":{"line":38,"column":0}},"38":{"start":{"line":39,"column":0},"end":{"line":39,"column":39}},"39":{"start":{"line":40,"column":0},"end":{"line":40,"column":22}},"40":{"start":{"line":41,"column":0},"end":{"line":41,"column":3}},"41":{"start":{"line":42,"column":0},"end":{"line":42,"column":0}},"42":{"start":{"line":43,"column":0},"end":{"line":43,"column":43}},"43":{"start":{"line":44,"column":0},"end":{"line":44,"column":61}},"44":{"start":{"line":45,"column":0},"end":{"line":45,"column":3}},"45":{"start":{"line":46,"column":0},"end":{"line":46,"column":0}},"46":{"start":{"line":47,"column":0},"end":{"line":47,"column":78}},"47":{"start":{"line":48,"column":0},"end":{"line":48,"column":52}},"48":{"start":{"line":49,"column":0},"end":{"line":49,"column":31}},"49":{"start":{"line":50,"column":0},"end":{"line":50,"column":7}},"50":{"start":{"line":51,"column":0},"end":{"line":51,"column":0}},"51":{"start":{"line":52,"column":0},"end":{"line":52,"column":22}},"52":{"start":{"line":53,"column":0},"end":{"line":53,"column":25}},"53":{"start":{"line":54,"column":0},"end":{"line":54,"column":40}},"54":{"start":{"line":55,"column":0},"end":{"line":55,"column":7}},"55":{"start":{"line":56,"column":0},"end":{"line":56,"column":26}},"56":{"start":{"line":57,"column":0},"end":{"line":57,"column":42}},"57":{"start":{"line":58,"column":0},"end":{"line":58,"column":7}},"58":{"start":{"line":59,"column":0},"end":{"line":59,"column":28}},"59":{"start":{"line":60,"column":0},"end":{"line":60,"column":46}},"60":{"start":{"line":61,"column":0},"end":{"line":61,"column":7}},"61":{"start":{"line":62,"column":0},"end":{"line":62,"column":45}},"62":{"start":{"line":63,"column":0},"end":{"line":63,"column":50}},"63":{"start":{"line":64,"column":0},"end":{"line":64,"column":7}},"64":{"start":{"line":65,"column":0},"end":{"line":65,"column":5}},"65":{"start":{"line":66,"column":0},"end":{"line":66,"column":3}},"66":{"start":{"line":67,"column":0},"end":{"line":67,"column":1}}},"s":{"0":1,"1":1,"2":1,"3":1,"4":1,"5":1,"6":6,"7":1,"8":1,"9":5,"10":5,"11":5,"12":5,"13":1,"14":1,"15":5,"16":0,"17":5,"18":5,"19":5,"20":5,"21":5,"22":0,"23":0,"24":5,"25":1,"26":1,"27":7,"28":7,"29":7,"30":7,"31":7,"32":2,"33":6,"34":5,"35":5,"36":7,"37":1,"38":1,"39":3,"40":3,"41":1,"42":1,"43":1,"44":1,"45":1,"46":1,"47":3,"48":3,"49":3,"50":3,"51":3,"52":3,"53":3,"54":3,"55":3,"56":3,"57":3,"58":3,"59":3,"60":3,"61":3,"62":3,"63":3,"64":3,"65":3,"66":6},"branchMap":{"0":{"type":"branch","line":6,"loc":{"start":{"line":6,"column":7},"end":{"line":7,"column":31}},"locations":[{"start":{"line":6,"column":7},"end":{"line":7,"column":31}}]},"1":{"type":"branch","line":9,"loc":{"start":{"line":9,"column":2},"end":{"line":13,"column":3}},"locations":[{"start":{"line":9,"column":2},"end":{"line":13,"column":3}}]},"2":{"type":"branch","line":15,"loc":{"start":{"line":15,"column":2},"end":{"line":25,"column":3}},"locations":[{"start":{"line":15,"column":2},"end":{"line":25,"column":3}}]},"3":{"type":"branch","line":22,"loc":{"start":{"line":22,"column":4},"end":{"line":24,"column":5}},"locations":[{"start":{"line":22,"column":4},"end":{"line":24,"column":5}}]},"4":{"type":"branch","line":27,"loc":{"start":{"line":27,"column":2},"end":{"line":37,"column":3}},"locations":[{"start":{"line":27,"column":2},"end":{"line":37,"column":3}}]},"5":{"type":"branch","line":32,"loc":{"start":{"line":32,"column":26},"end":{"line":36,"column":5}},"locations":[{"start":{"line":32,"column":26},"end":{"line":36,"column":5}}]},"6":{"type":"branch","line":32,"loc":{"start":{"line":32,"column":26},"end":{"line":34,"column":11}},"locations":[{"start":{"line":32,"column":26},"end":{"line":34,"column":11}}]},"7":{"type":"branch","line":34,"loc":{"start":{"line":34,"column":4},"end":{"line":36,"column":5}},"locations":[{"start":{"line":34,"column":4},"end":{"line":36,"column":5}}]},"8":{"type":"branch","line":28,"loc":{"start":{"line":28,"column":44},"end":{"line":30,"column":5}},"locations":[{"start":{"line":28,"column":44},"end":{"line":30,"column":5}}]},"9":{"type":"branch","line":39,"loc":{"start":{"line":39,"column":2},"end":{"line":41,"column":3}},"locations":[{"start":{"line":39,"column":2},"end":{"line":41,"column":3}}]},"10":{"type":"branch","line":43,"loc":{"start":{"line":43,"column":2},"end":{"line":45,"column":3}},"locations":[{"start":{"line":43,"column":2},"end":{"line":45,"column":3}}]},"11":{"type":"branch","line":44,"loc":{"start":{"line":44,"column":35},"end":{"line":44,"column":59}},"locations":[{"start":{"line":44,"column":35},"end":{"line":44,"column":59}}]},"12":{"type":"branch","line":47,"loc":{"start":{"line":47,"column":2},"end":{"line":66,"column":3}},"locations":[{"start":{"line":47,"column":2},"end":{"line":66,"column":3}}]},"13":{"type":"branch","line":48,"loc":{"start":{"line":48,"column":38},"end":{"line":50,"column":5}},"locations":[{"start":{"line":48,"column":38},"end":{"line":50,"column":5}}]},"14":{"type":"branch","line":67,"loc":{"start":{"line":67,"column":0},"end":{"line":67,"column":1}},"locations":[{"start":{"line":67,"column":0},"end":{"line":67,"column":1}}]}},"b":{"0":[6],"1":[5],"2":[5],"3":[0],"4":[7],"5":[6],"6":[2],"7":[5],"8":[7],"9":[3],"10":[1],"11":[1],"12":[3],"13":[3],"14":[6]},"fnMap":{"0":{"name":"InMemoryPatientsRepository","decl":{"start":{"line":6,"column":7},"end":{"line":7,"column":31}},"loc":{"start":{"line":6,"column":7},"end":{"line":7,"column":31}},"line":6},"1":{"name":"save","decl":{"start":{"line":9,"column":2},"end":{"line":13,"column":3}},"loc":{"start":{"line":9,"column":2},"end":{"line":13,"column":3}},"line":9},"2":{"name":"findByEmail","decl":{"start":{"line":15,"column":2},"end":{"line":25,"column":3}},"loc":{"start":{"line":15,"column":2},"end":{"line":25,"column":3}},"line":15},"3":{"name":"findById","decl":{"start":{"line":27,"column":2},"end":{"line":37,"column":3}},"loc":{"start":{"line":27,"column":2},"end":{"line":37,"column":3}},"line":27},"4":{"name":"findAll","decl":{"start":{"line":39,"column":2},"end":{"line":41,"column":3}},"loc":{"start":{"line":39,"column":2},"end":{"line":41,"column":3}},"line":39},"5":{"name":"remove","decl":{"start":{"line":43,"column":2},"end":{"line":45,"column":3}},"loc":{"start":{"line":43,"column":2},"end":{"line":45,"column":3}},"line":43},"6":{"name":"update","decl":{"start":{"line":47,"column":2},"end":{"line":66,"column":3}},"loc":{"start":{"line":47,"column":2},"end":{"line":66,"column":3}},"line":47},"7":{"name":"get","decl":{"start":{"line":67,"column":0},"end":{"line":67,"column":1}},"loc":{"start":{"line":67,"column":0},"end":{"line":67,"column":1}},"line":67}},"f":{"0":6,"1":5,"2":5,"3":7,"4":3,"5":1,"6":3,"7":6}}
,"C:\\Users\\Thier\\OneDrive\\Área de Trabalho\\medcloud\\server\\src\\useCases\\CreatePatient\\CreatePatientUseCase.ts": {"path":"C:\\Users\\Thier\\OneDrive\\Área de Trabalho\\medcloud\\server\\src\\useCases\\CreatePatient\\CreatePatientUseCase.ts","all":false,"statementMap":{"0":{"start":{"line":1,"column":0},"end":{"line":1,"column":49}},"1":{"start":{"line":2,"column":0},"end":{"line":2,"column":55}},"2":{"start":{"line":3,"column":0},"end":{"line":3,"column":62}},"3":{"start":{"line":4,"column":0},"end":{"line":4,"column":0}},"4":{"start":{"line":5,"column":0},"end":{"line":5,"column":49}},"5":{"start":{"line":6,"column":0},"end":{"line":6,"column":35}},"6":{"start":{"line":7,"column":0},"end":{"line":7,"column":54}},"7":{"start":{"line":8,"column":0},"end":{"line":8,"column":0}},"8":{"start":{"line":9,"column":0},"end":{"line":9,"column":49}},"9":{"start":{"line":10,"column":0},"end":{"line":10,"column":72}},"10":{"start":{"line":11,"column":0},"end":{"line":11,"column":57}},"11":{"start":{"line":12,"column":0},"end":{"line":12,"column":5}},"12":{"start":{"line":13,"column":0},"end":{"line":13,"column":4}},"13":{"start":{"line":14,"column":0},"end":{"line":14,"column":38}},"14":{"start":{"line":15,"column":0},"end":{"line":15,"column":37}},"15":{"start":{"line":16,"column":0},"end":{"line":16,"column":5}},"16":{"start":{"line":17,"column":0},"end":{"line":17,"column":0}},"17":{"start":{"line":18,"column":0},"end":{"line":18,"column":75}},"18":{"start":{"line":19,"column":0},"end":{"line":19,"column":16}},"19":{"start":{"line":20,"column":0},"end":{"line":20,"column":6}},"20":{"start":{"line":21,"column":0},"end":{"line":21,"column":0}},"21":{"start":{"line":22,"column":0},"end":{"line":22,"column":33}},"22":{"start":{"line":23,"column":0},"end":{"line":23,"column":49}},"23":{"start":{"line":24,"column":0},"end":{"line":24,"column":5}},"24":{"start":{"line":25,"column":0},"end":{"line":25,"column":0}},"25":{"start":{"line":26,"column":0},"end":{"line":26,"column":41}},"26":{"start":{"line":27,"column":0},"end":{"line":27,"column":74}},"27":{"start":{"line":28,"column":0},"end":{"line":28,"column":26}},"28":{"start":{"line":29,"column":0},"end":{"line":29,"column":3}},"29":{"start":{"line":30,"column":0},"end":{"line":30,"column":1}}},"s":{"0":1,"1":1,"2":1,"3":1,"4":1,"5":1,"6":1,"7":1,"8":1,"9":6,"10":1,"11":1,"12":5,"13":6,"14":0,"15":0,"16":5,"17":5,"18":5,"19":5,"20":5,"21":6,"22":0,"23":0,"24":5,"25":5,"26":5,"27":5,"28":6,"29":5},"branchMap":{"0":{"type":"branch","line":7,"loc":{"start":{"line":7,"column":2},"end":{"line":7,"column":54}},"locations":[{"start":{"line":7,"column":2},"end":{"line":7,"column":54}}]},"1":{"type":"branch","line":9,"loc":{"start":{"line":9,"column":2},"end":{"line":29,"column":3}},"locations":[{"start":{"line":9,"column":2},"end":{"line":29,"column":3}}]},"2":{"type":"branch","line":10,"loc":{"start":{"line":10,"column":50},"end":{"line":10,"column":71}},"locations":[{"start":{"line":10,"column":50},"end":{"line":10,"column":71}}]},"3":{"type":"branch","line":10,"loc":{"start":{"line":10,"column":71},"end":{"line":14,"column":37}},"locations":[{"start":{"line":10,"column":71},"end":{"line":14,"column":37}}]},"4":{"type":"branch","line":10,"loc":{"start":{"line":10,"column":71},"end":{"line":12,"column":5}},"locations":[{"start":{"line":10,"column":71},"end":{"line":12,"column":5}}]},"5":{"type":"branch","line":14,"loc":{"start":{"line":14,"column":37},"end":{"line":16,"column":5}},"locations":[{"start":{"line":14,"column":37},"end":{"line":16,"column":5}}]},"6":{"type":"branch","line":16,"loc":{"start":{"line":16,"column":4},"end":{"line":22,"column":30}},"locations":[{"start":{"line":16,"column":4},"end":{"line":22,"column":30}}]},"7":{"type":"branch","line":22,"loc":{"start":{"line":22,"column":30},"end":{"line":24,"column":5}},"locations":[{"start":{"line":22,"column":30},"end":{"line":24,"column":5}}]},"8":{"type":"branch","line":24,"loc":{"start":{"line":24,"column":4},"end":{"line":28,"column":26}},"locations":[{"start":{"line":24,"column":4},"end":{"line":28,"column":26}}]},"9":{"type":"branch","line":30,"loc":{"start":{"line":30,"column":0},"end":{"line":30,"column":1}},"locations":[{"start":{"line":30,"column":0},"end":{"line":30,"column":1}}]}},"b":{"0":[5],"1":[6],"2":[5],"3":[5],"4":[1],"5":[0],"6":[5],"7":[0],"8":[5],"9":[5]},"fnMap":{"0":{"name":"CreatePatientUseCase","decl":{"start":{"line":7,"column":2},"end":{"line":7,"column":54}},"loc":{"start":{"line":7,"column":2},"end":{"line":7,"column":54}},"line":7},"1":{"name":"execute","decl":{"start":{"line":9,"column":2},"end":{"line":29,"column":3}},"loc":{"start":{"line":9,"column":2},"end":{"line":29,"column":3}},"line":9},"2":{"name":"get","decl":{"start":{"line":30,"column":0},"end":{"line":30,"column":1}},"loc":{"start":{"line":30,"column":0},"end":{"line":30,"column":1}},"line":30}},"f":{"0":5,"1":6,"2":5}}
,"C:\\Users\\Thier\\OneDrive\\Área de Trabalho\\medcloud\\server\\src\\useCases\\DeletePatient\\DeletePatientUseCase.ts": {"path":"C:\\Users\\Thier\\OneDrive\\Área de Trabalho\\medcloud\\server\\src\\useCases\\DeletePatient\\DeletePatientUseCase.ts","all":false,"statementMap":{"0":{"start":{"line":1,"column":0},"end":{"line":1,"column":55}},"1":{"start":{"line":2,"column":0},"end":{"line":2,"column":0}},"2":{"start":{"line":3,"column":0},"end":{"line":3,"column":35}},"3":{"start":{"line":4,"column":0},"end":{"line":4,"column":54}},"4":{"start":{"line":5,"column":0},"end":{"line":5,"column":0}},"5":{"start":{"line":6,"column":0},"end":{"line":6,"column":29}},"6":{"start":{"line":7,"column":0},"end":{"line":7,"column":76}},"7":{"start":{"line":8,"column":0},"end":{"line":8,"column":0}},"8":{"start":{"line":9,"column":0},"end":{"line":9,"column":32}},"9":{"start":{"line":10,"column":0},"end":{"line":10,"column":50}},"10":{"start":{"line":11,"column":0},"end":{"line":11,"column":6}},"11":{"start":{"line":12,"column":0},"end":{"line":12,"column":0}},"12":{"start":{"line":13,"column":0},"end":{"line":13,"column":45}},"13":{"start":{"line":14,"column":0},"end":{"line":14,"column":3}},"14":{"start":{"line":15,"column":0},"end":{"line":15,"column":1}}},"s":{"0":1,"1":1,"2":1,"3":1,"4":1,"5":1,"6":2,"7":2,"8":2,"9":1,"10":1,"11":1,"12":1,"13":2,"14":2},"branchMap":{"0":{"type":"branch","line":4,"loc":{"start":{"line":4,"column":2},"end":{"line":4,"column":54}},"locations":[{"start":{"line":4,"column":2},"end":{"line":4,"column":54}}]},"1":{"type":"branch","line":6,"loc":{"start":{"line":6,"column":2},"end":{"line":14,"column":3}},"locations":[{"start":{"line":6,"column":2},"end":{"line":14,"column":3}}]},"2":{"type":"branch","line":9,"loc":{"start":{"line":9,"column":31},"end":{"line":13,"column":45}},"locations":[{"start":{"line":9,"column":31},"end":{"line":13,"column":45}}]},"3":{"type":"branch","line":15,"loc":{"start":{"line":15,"column":0},"end":{"line":15,"column":1}},"locations":[{"start":{"line":15,"column":0},"end":{"line":15,"column":1}}]}},"b":{"0":[2],"1":[2],"2":[1],"3":[2]},"fnMap":{"0":{"name":"DeletePatientUseCase","decl":{"start":{"line":4,"column":2},"end":{"line":4,"column":54}},"loc":{"start":{"line":4,"column":2},"end":{"line":4,"column":54}},"line":4},"1":{"name":"execute","decl":{"start":{"line":6,"column":2},"end":{"line":14,"column":3}},"loc":{"start":{"line":6,"column":2},"end":{"line":14,"column":3}},"line":6},"2":{"name":"get","decl":{"start":{"line":15,"column":0},"end":{"line":15,"column":1}},"loc":{"start":{"line":15,"column":0},"end":{"line":15,"column":1}},"line":15}},"f":{"0":2,"1":2,"2":2}}
,"C:\\Users\\Thier\\OneDrive\\Área de Trabalho\\medcloud\\server\\src\\useCases\\GetPatient\\GetPatientsUseCase.ts": {"path":"C:\\Users\\Thier\\OneDrive\\Área de Trabalho\\medcloud\\server\\src\\useCases\\GetPatient\\GetPatientsUseCase.ts","all":false,"statementMap":{"0":{"start":{"line":1,"column":0},"end":{"line":1,"column":55}},"1":{"start":{"line":2,"column":0},"end":{"line":2,"column":0}},"2":{"start":{"line":3,"column":0},"end":{"line":3,"column":33}},"3":{"start":{"line":4,"column":0},"end":{"line":4,"column":54}},"4":{"start":{"line":5,"column":0},"end":{"line":5,"column":0}},"5":{"start":{"line":6,"column":0},"end":{"line":6,"column":37}},"6":{"start":{"line":7,"column":0},"end":{"line":7,"column":20}},"7":{"start":{"line":8,"column":0},"end":{"line":8,"column":72}},"8":{"start":{"line":9,"column":0},"end":{"line":9,"column":0}},"9":{"start":{"line":10,"column":0},"end":{"line":10,"column":21}},"10":{"start":{"line":11,"column":0},"end":{"line":11,"column":46}},"11":{"start":{"line":12,"column":0},"end":{"line":12,"column":14}},"12":{"start":{"line":13,"column":0},"end":{"line":13,"column":23}},"13":{"start":{"line":14,"column":0},"end":{"line":14,"column":7}},"14":{"start":{"line":15,"column":0},"end":{"line":15,"column":12}},"15":{"start":{"line":16,"column":0},"end":{"line":16,"column":69}},"16":{"start":{"line":17,"column":0},"end":{"line":17,"column":0}},"17":{"start":{"line":18,"column":0},"end":{"line":18,"column":28}},"18":{"start":{"line":19,"column":0},"end":{"line":19,"column":43}},"19":{"start":{"line":20,"column":0},"end":{"line":20,"column":14}},"20":{"start":{"line":21,"column":0},"end":{"line":21,"column":30}},"21":{"start":{"line":22,"column":0},"end":{"line":22,"column":7}},"22":{"start":{"line":23,"column":0},"end":{"line":23,"column":5}},"23":{"start":{"line":24,"column":0},"end":{"line":24,"column":3}},"24":{"start":{"line":25,"column":0},"end":{"line":25,"column":1}}},"s":{"0":1,"1":1,"2":1,"3":1,"4":1,"5":1,"6":4,"7":1,"8":1,"9":1,"10":0,"11":1,"12":1,"13":1,"14":4,"15":3,"16":3,"17":3,"18":0,"19":3,"20":3,"21":3,"22":3,"23":4,"24":3},"branchMap":{"0":{"type":"branch","line":4,"loc":{"start":{"line":4,"column":2},"end":{"line":4,"column":54}},"locations":[{"start":{"line":4,"column":2},"end":{"line":4,"column":54}}]},"1":{"type":"branch","line":6,"loc":{"start":{"line":6,"column":2},"end":{"line":24,"column":3}},"locations":[{"start":{"line":6,"column":2},"end":{"line":24,"column":3}}]},"2":{"type":"branch","line":7,"loc":{"start":{"line":7,"column":19},"end":{"line":15,"column":11}},"locations":[{"start":{"line":7,"column":19},"end":{"line":15,"column":11}}]},"3":{"type":"branch","line":10,"loc":{"start":{"line":10,"column":20},"end":{"line":12,"column":13}},"locations":[{"start":{"line":10,"column":20},"end":{"line":12,"column":13}}]},"4":{"type":"branch","line":15,"loc":{"start":{"line":15,"column":4},"end":{"line":23,"column":5}},"locations":[{"start":{"line":15,"column":4},"end":{"line":23,"column":5}}]},"5":{"type":"branch","line":18,"loc":{"start":{"line":18,"column":27},"end":{"line":20,"column":13}},"locations":[{"start":{"line":18,"column":27},"end":{"line":20,"column":13}}]},"6":{"type":"branch","line":25,"loc":{"start":{"line":25,"column":0},"end":{"line":25,"column":1}},"locations":[{"start":{"line":25,"column":0},"end":{"line":25,"column":1}}]}},"b":{"0":[3],"1":[4],"2":[1],"3":[0],"4":[3],"5":[0],"6":[3]},"fnMap":{"0":{"name":"GetPatientsUseCase","decl":{"start":{"line":4,"column":2},"end":{"line":4,"column":54}},"loc":{"start":{"line":4,"column":2},"end":{"line":4,"column":54}},"line":4},"1":{"name":"execute","decl":{"start":{"line":6,"column":2},"end":{"line":24,"column":3}},"loc":{"start":{"line":6,"column":2},"end":{"line":24,"column":3}},"line":6},"2":{"name":"get","decl":{"start":{"line":25,"column":0},"end":{"line":25,"column":1}},"loc":{"start":{"line":25,"column":0},"end":{"line":25,"column":1}},"line":25}},"f":{"0":3,"1":4,"2":3}}
,"C:\\Users\\Thier\\OneDrive\\Área de Trabalho\\medcloud\\server\\src\\useCases\\UpdatePatient\\UpdatePatientUseCase.ts": {"path":"C:\\Users\\Thier\\OneDrive\\Área de Trabalho\\medcloud\\server\\src\\useCases\\UpdatePatient\\UpdatePatientUseCase.ts","all":false,"statementMap":{"0":{"start":{"line":1,"column":0},"end":{"line":1,"column":55}},"1":{"start":{"line":2,"column":0},"end":{"line":2,"column":62}},"2":{"start":{"line":3,"column":0},"end":{"line":3,"column":0}},"3":{"start":{"line":4,"column":0},"end":{"line":4,"column":35}},"4":{"start":{"line":5,"column":0},"end":{"line":5,"column":54}},"5":{"start":{"line":6,"column":0},"end":{"line":6,"column":0}},"6":{"start":{"line":7,"column":0},"end":{"line":7,"column":61}},"7":{"start":{"line":8,"column":0},"end":{"line":8,"column":76}},"8":{"start":{"line":9,"column":0},"end":{"line":9,"column":0}},"9":{"start":{"line":10,"column":0},"end":{"line":10,"column":32}},"10":{"start":{"line":11,"column":0},"end":{"line":11,"column":50}},"11":{"start":{"line":12,"column":0},"end":{"line":12,"column":12}},"12":{"start":{"line":13,"column":0},"end":{"line":13,"column":74}},"13":{"start":{"line":14,"column":0},"end":{"line":14,"column":70}},"14":{"start":{"line":15,"column":0},"end":{"line":15,"column":90}},"15":{"start":{"line":16,"column":0},"end":{"line":16,"column":82}},"16":{"start":{"line":17,"column":0},"end":{"line":17,"column":74}},"17":{"start":{"line":18,"column":0},"end":{"line":18,"column":7}},"18":{"start":{"line":19,"column":0},"end":{"line":19,"column":5}},"19":{"start":{"line":20,"column":0},"end":{"line":20,"column":0}},"20":{"start":{"line":21,"column":0},"end":{"line":21,"column":51}},"21":{"start":{"line":22,"column":0},"end":{"line":22,"column":3}},"22":{"start":{"line":23,"column":0},"end":{"line":23,"column":1}}},"s":{"0":1,"1":1,"2":1,"3":1,"4":1,"5":1,"6":1,"7":4,"8":4,"9":4,"10":1,"11":4,"12":3,"13":1,"14":1,"15":1,"16":1,"17":1,"18":3,"19":3,"20":3,"21":4,"22":4},"branchMap":{"0":{"type":"branch","line":5,"loc":{"start":{"line":5,"column":2},"end":{"line":5,"column":54}},"locations":[{"start":{"line":5,"column":2},"end":{"line":5,"column":54}}]},"1":{"type":"branch","line":7,"loc":{"start":{"line":7,"column":2},"end":{"line":22,"column":3}},"locations":[{"start":{"line":7,"column":2},"end":{"line":22,"column":3}}]},"2":{"type":"branch","line":10,"loc":{"start":{"line":10,"column":31},"end":{"line":12,"column":11}},"locations":[{"start":{"line":10,"column":31},"end":{"line":12,"column":11}}]},"3":{"type":"branch","line":12,"loc":{"start":{"line":12,"column":4},"end":{"line":21,"column":51}},"locations":[{"start":{"line":12,"column":4},"end":{"line":21,"column":51}}]},"4":{"type":"branch","line":13,"loc":{"start":{"line":13,"column":16},"end":{"line":13,"column":43}},"locations":[{"start":{"line":13,"column":16},"end":{"line":13,"column":43}}]},"5":{"type":"branch","line":13,"loc":{"start":{"line":13,"column":30},"end":{"line":13,"column":60}},"locations":[{"start":{"line":13,"column":30},"end":{"line":13,"column":60}}]},"6":{"type":"branch","line":13,"loc":{"start":{"line":13,"column":49},"end":{"line":13,"column":73}},"locations":[{"start":{"line":13,"column":49},"end":{"line":13,"column":73}}]},"7":{"type":"branch","line":13,"loc":{"start":{"line":13,"column":73},"end":{"line":18,"column":7}},"locations":[{"start":{"line":13,"column":73},"end":{"line":18,"column":7}}]},"8":{"type":"branch","line":14,"loc":{"start":{"line":14,"column":25},"end":{"line":14,"column":44}},"locations":[{"start":{"line":14,"column":25},"end":{"line":14,"column":44}}]},"9":{"type":"branch","line":15,"loc":{"start":{"line":15,"column":47},"end":{"line":15,"column":90}},"locations":[{"start":{"line":15,"column":47},"end":{"line":15,"column":90}}]},"10":{"type":"branch","line":16,"loc":{"start":{"line":16,"column":43},"end":{"line":16,"column":82}},"locations":[{"start":{"line":16,"column":43},"end":{"line":16,"column":82}}]},"11":{"type":"branch","line":17,"loc":{"start":{"line":17,"column":39},"end":{"line":17,"column":74}},"locations":[{"start":{"line":17,"column":39},"end":{"line":17,"column":74}}]},"12":{"type":"branch","line":23,"loc":{"start":{"line":23,"column":0},"end":{"line":23,"column":1}},"locations":[{"start":{"line":23,"column":0},"end":{"line":23,"column":1}}]}},"b":{"0":[4],"1":[4],"2":[1],"3":[3],"4":[2],"5":[2],"6":[2],"7":[1],"8":[0],"9":[0],"10":[0],"11":[0],"12":[4]},"fnMap":{"0":{"name":"UpdatePatientUseCase","decl":{"start":{"line":5,"column":2},"end":{"line":5,"column":54}},"loc":{"start":{"line":5,"column":2},"end":{"line":5,"column":54}},"line":5},"1":{"name":"execute","decl":{"start":{"line":7,"column":2},"end":{"line":22,"column":3}},"loc":{"start":{"line":7,"column":2},"end":{"line":22,"column":3}},"line":7},"2":{"name":"get","decl":{"start":{"line":23,"column":0},"end":{"line":23,"column":1}},"loc":{"start":{"line":23,"column":0},"end":{"line":23,"column":1}},"line":23}},"f":{"0":4,"1":4,"2":4}}
}
